AP00 - Begin polyline
  From N: 1929390.126        E: 6074201.714

APXX - Line to NW
  To N: 1929397.334          E: 6074177.776
  Distance: 25.000           Course: N73°14'30.0"W

AP18 - Non-Tangent curve to Right
  To N: 1929502.835          E: 6074302.086
  Tangent: 97.117            Chord:  163.044        Course: N49°40'45.0"E
  Arc Len: 172.373           Radius: 150.000        Delta:  65°50'30.0"

AP19 - Line to NE
  To N: 1929512.695          E: 6074378.008
  Distance: 76.560           Course: N82°36'00.0"E

RB00 - Branch polyline
  From N: 1929512.695        E: 6074378.008

RB01 - Line to SE
  To N: 1929486.882          E: 6074381.361
  Distance: 26.030           Course: S7°24'00.0"E

RB02 - Tangent curve to Left
  To N: 1929450.399          E: 6074394.527
  Tangent: 19.860            Chord:  38.787         Course: S19°50'37.5"E
  Arc Len: 39.093            Radius: 90.000         Delta:  24°53'15.0"

RB03 - Line to SE
  To N: 1929428.723          E: 6074408.223
  Distance: 25.640           Course: S32°17'15.0"E

RB04 - Tangent curve to Left
  To N: 1929398.580          E: 6074467.377
  Tangent: 38.610            Chord:  66.391         Course: S62°59'52.5"E
  Arc Len: 69.680            Radius: 65.000         Delta:  61°25'15.0"

RB05 - Line to NE
  To N: 1929414.976          E: 6074720.346
  Distance: 253.500          Course: N86°17'30.0"E

RB06A - Tangent curve to Right
  To N: 1929415.080          E: 6074737.974
  Tangent: 8.830             Chord:  17.629         Course: N89°39'37.5"E
  Arc Len: 17.639            Radius: 150.000        Delta:  6°44'15.0"

RB06B - Tangent curve to Right
  To N: 1929410.375          E: 6074768.132
  Tangent: 15.341            Chord:  30.523         Course: S81°07'52.5"E
  Arc Len: 30.576            Radius: 150.000        Delta:  11°40'45.0"

RB07A - Line to SE
  To N: 1929403.725          E: 6074793.464
  Distance: 26.190           Course: S75°17'30.0"E

RB07B - Line to SE
  To N: 1929396.006          E: 6074822.868
  Distance: 30.400           Course: S75°17'30.0"E

AP19 - Resume polyline
  From N: 1929512.695        E: 6074378.008

AP20 - Tangent curve to Left
  To N: 1929604.857          E: 6074548.339
  Tangent: 103.733           Chord:  193.665        Course: N61°35'00.0"E
  Arc Len: 198.077           Radius: 270.000        Delta:  42°02'00.0"

AP21 - Line to NE
  To N: 1929687.438          E: 6074619.036
  Distance: 108.710          Course: N40°34'00.0"E

AP22 - Tangent curve to Right
  To N: 1929714.799          E: 6074647.047
  Tangent: 19.656            Chord:  39.156         Course: N45°40'20.0"E
  Arc Len: 39.208            Radius: 220.000        Delta:  10°12'40.0"

PL00 - Branch polyline
  From N: 1929714.799        E: 6074647.047

PL01 - Line to SE
  To N: 1929695.432          E: 6074662.855
  Distance: 25.000           Course: S39°13'20.0"E

PL02 - Line to SE
  To N: 1929415.081          E: 6074737.975
  Distance: 290.240          Course: S15°00'00.0"E

RB06A - Closure
  From N: 1929415.081             E: 6074737.975
  To   N: 1929415.080             E: 6074737.974
  Distance: 0.001            Course: S26°34'35.4"W

AP22 - Resume polyline
  From N: 1929714.799        E: 6074647.047

AP23 - Tangent curve to Right
  To N: 1929745.182          E: 6074696.312
  Tangent: 29.194            Chord:  57.881         Course: N58°20'12.5"E
  Arc Len: 58.049            Radius: 220.000        Delta:  15°07'05.0"

AP24 - Line to NE
  To N: 1929787.570          E: 6074791.052
  Distance: 103.790          Course: N65°53'45.0"E

AP25 - Tangent curve to Right
  To N: 1929812.088          E: 6074872.991
  Tangent: 43.128            Chord:  85.529         Course: N73°20'30.0"E
  Arc Len: 85.770            Radius: 330.000        Delta:  14°53'30.0"

APXX - Line to NE
  To N: 1929787.410          E: 6074876.994
  Distance: 25.000           Course: S9°12'45.0"E

RB07A - Begin polyline
  From N: 1929403.725        E: 6074793.464

FL01 - Line to SE
  To N: 1929269.675          E: 6074818.564
  Distance: 136.380          Course: S10°36'20.0"E

FL02 - Line to SW
  To N: 1929241.877          E: 6074770.054
  Distance: 55.910           Course: S60°11'10.0"W

FL03 - Line to SE
  To N: 1928901.167          E: 6074866.948
  Distance: 354.220          Course: S15°52'30.0"E
