Segment: APXX
Begin . . . . .  X: 6074201.714        Y: 1929390.126
End . . . . . .  X: 6074177.776        Y: 1929397.334
  Distance: 25.000      Course: N73°14'30.0"W

Segment: AP18
Begin . . . . .  X: 6074177.776        Y: 1929397.334
End . . . . . .  X: 6074302.086        Y: 1929502.835
   Tangent: 97.117       Chord: 163.044      Course: N49°40'45.0"E
Arc Length: 172.373      Radius: -150.000       Delta: 65°50'30.0"

### Segment AP18 is not tangent to APXX.
### Difference in tangents: 90°00'00.0"

Segment: AP19
Begin . . . . .  X: 6074302.086        Y: 1929502.835
End . . . . . .  X: 6074378.008        Y: 1929512.695
  Distance: 76.560      Course: N82°36'00.0"E

Segment: AP20
Begin . . . . .  X: 6074378.008        Y: 1929512.695
End . . . . . .  X: 6074548.339        Y: 1929604.857
   Tangent: 103.733       Chord: 193.665      Course: N61°35'00.0"E
Arc Length: 198.077      Radius: 270.000       Delta: -42°02'00.0"

Segment: AP21
Begin . . . . .  X: 6074548.339        Y: 1929604.857
End . . . . . .  X: 6074619.036        Y: 1929687.438
  Distance: 108.710      Course: N40°34'00.0"E

Segment: AP22
Begin . . . . .  X: 6074619.036        Y: 1929687.438
End . . . . . .  X: 6074647.047        Y: 1929714.799
   Tangent: 19.656       Chord: 39.156      Course: N45°40'20.0"E
Arc Length: 39.208      Radius: -220.000       Delta: 10°12'40.0"

Segment: AP23
Begin . . . . .  X: 6074647.047        Y: 1929714.799
End . . . . . .  X: 6074696.312        Y: 1929745.182
   Tangent: 29.194       Chord: 57.881      Course: N58°20'12.5"E
Arc Length: 58.049      Radius: -220.000       Delta: 15°07'05.0"

Segment: AP24
Begin . . . . .  X: 6074696.312        Y: 1929745.182
End . . . . . .  X: 6074791.052        Y: 1929787.570
  Distance: 103.790      Course: N65°53'45.0"E

Segment: AP25
Begin . . . . .  X: 6074791.052        Y: 1929787.570
End . . . . . .  X: 6074872.991        Y: 1929812.088
   Tangent: 43.128       Chord: 85.529      Course: N73°20'30.0"E
Arc Length: 85.770      Radius: -330.000       Delta: 14°53'30.0"

Segment: APXX
Begin . . . . .  X: 6074872.991        Y: 1929812.088
End . . . . . .  X: 6074876.994        Y: 1929787.410
  Distance: 25.000      Course: S9°12'45.0"E

### Segment APXX is not tangent to AP25.
### Difference in tangents: 90°00'00.0"

Segment: PL01
Begin . . . . .  X: 6074647.047        Y: 1929714.799
End . . . . . .  X: 6074662.855        Y: 1929695.432
  Distance: 25.000      Course: S39°13'20.0"E

Segment: PL02
Begin . . . . .  X: 6074662.855        Y: 1929695.432
End . . . . . .  X: 6074737.975        Y: 1929415.081
  Distance: 290.240      Course: S15°00'00.0"E

Segment: RB01
Begin . . . . .  X: 6074378.008        Y: 1929512.695
End . . . . . .  X: 6074381.361        Y: 1929486.882
  Distance: 26.030      Course: S7°24'00.0"E

Segment: RB02
Begin . . . . .  X: 6074381.361        Y: 1929486.882
End . . . . . .  X: 6074394.527        Y: 1929450.399
   Tangent: 19.860       Chord: 38.787      Course: S19°50'37.5"E
Arc Length: 39.093      Radius: 90.000       Delta: -24°53'15.0"

Segment: RB03
Begin . . . . .  X: 6074394.527        Y: 1929450.399
End . . . . . .  X: 6074408.223        Y: 1929428.723
  Distance: 25.640      Course: S32°17'15.0"E

Segment: RB04
Begin . . . . .  X: 6074408.223        Y: 1929428.723
End . . . . . .  X: 6074467.377        Y: 1929398.580
   Tangent: 38.610       Chord: 66.391      Course: S62°59'52.5"E
Arc Length: 69.680      Radius: 65.000       Delta: -61°25'15.0"

Segment: RB05
Begin . . . . .  X: 6074467.377        Y: 1929398.580
End . . . . . .  X: 6074720.346        Y: 1929414.976
  Distance: 253.500      Course: N86°17'30.0"E

Segment: RB06A
Begin . . . . .  X: 6074720.346        Y: 1929414.976
End . . . . . .  X: 6074737.974        Y: 1929415.080
   Tangent: 8.830       Chord: 17.629      Course: N89°39'37.5"E
Arc Length: 17.639      Radius: -150.000       Delta: 6°44'15.0"

Segment: RB06B
Begin . . . . .  X: 6074737.974        Y: 1929415.080
End . . . . . .  X: 6074768.132        Y: 1929410.375
   Tangent: 15.341       Chord: 30.523      Course: S81°07'52.5"E
Arc Length: 30.576      Radius: -150.000       Delta: 11°40'45.0"

Segment: RB07
Begin . . . . .  X: 6074768.132        Y: 1929410.375
End . . . . . .  X: 6074819.966        Y: 1929396.768
  Distance: 53.590      Course: S75°17'30.0"E

Segment: FL01
Begin . . . . .  X: 6074793.464        Y: 1929403.725
End . . . . . .  X: 6074818.564        Y: 1929269.675
  Distance: 136.380      Course: S10°36'20.0"E

Segment: FL02
Begin . . . . .  X: 6074818.564        Y: 1929269.675
End . . . . . .  X: 6074770.054        Y: 1929241.877
  Distance: 55.910      Course: S60°11'10.0"W

Segment: FL03
Begin . . . . .  X: 6074770.054        Y: 1929241.877
End . . . . . .  X: 6074866.948        Y: 1928901.167
  Distance: 354.220      Course: S15°52'30.0"E
