AP00 - Begin polyline
  N: 1928884.745             E: 6072854.191

AP20 - Line to SE
  N: 1928806.939             E: 6072939.511
  Distance: 115.470          Course: S47°38'15.0"E

AP21 - Tangent curve to Left
  N: 1928756.890             E: 6073031.198
  Tangent: 53.766            Chord:  104.457        Course: S61°22'15.0"E
  Arc Len: 105.464           Radius: 220.000        Delta:  27°28'00.0"

AP22 - Line to SE
  N: 1928746.666             E: 6073069.631
  Distance: 39.770           Course: S75°06'14.0"E

### Segment is not tangent.
### Difference in tangents: 0°00'01.0"

AP23 - Tangent curve to Right
  N: 1928692.376             E: 6073175.457
  Tangent: 60.858            Chord:  118.939        Course: S62°50'29.0"E
  Arc Len: 119.852           Radius: 280.000        Delta:  24°31'30.0"

AP24 - Line to SE
  N: 1928650.973             E: 6073225.824
  Distance: 65.200           Course: S50°34'45.0"E

### Segment is not tangent.
### Difference in tangents: -0°00'01.0"

AP25 - Tangent curve to Left
  N: 1928571.128             E: 6073386.026
  Tangent: 91.827            Chord:  178.997        Course: S63°30'30.0"E
  Arc Len: 180.525           Radius: 400.000        Delta:  25°51'30.0"

AP26 - Line to SE
  N: 1928534.625             E: 6073537.345
  Distance: 155.660          Course: S76°26'15.0"E

AP27 - Tangent curve to Right
  N: 1928450.450             E: 6073646.896
  Tangent: 75.600            Chord:  138.155        Course: S52°27'45.0"E
  Arc Len: 142.271           Radius: 170.000        Delta:  47°57'00.0"

AP28 - Line to SE
  N: 1928376.796             E: 6073686.866
  Distance: 83.800           Course: S28°29'15.0"E

AP29A - Tangent curve to Left
  N: 1928357.813             E: 6073700.235
  Tangent: 11.688            Chord:  23.219         Course: S35°09'15.0"E
  Arc Len: 23.271            Radius: 100.000        Delta:  13°20'00.0"

AP29A - Delete last segment

AP29 - Tangent curve to Left
  N: 1928338.900             E: 6073826.467
  Tangent: 104.735           Chord:  144.654        Course: S74°48'45.0"E
  Arc Len: 161.705           Radius: 100.000        Delta:  92°39'00.0"

AP30 - Line to NE
  N: 1928399.829             E: 6073927.321
  Distance: 117.830          Course: N58°51'45.0"E

AP31 - Tangent curve to Left
  N: 1928539.080             E: 6073970.771
  Tangent: 97.434            Chord:  145.872        Course: N17°19'45.0"E
  Arc Len: 159.477           Radius: 110.000        Delta:  83°04'00.0"

AP32 - Line to NW
  N: 1928623.540             E: 6073932.806
  Distance: 92.600           Course: N24°12'15.0"W

AP33 - Tangent curve to Right
  N: 1928790.056             E: 6073948.125
  Tangent: 96.026            Chord:  167.220        Course: N5°15'22.5"E
  Arc Len: 174.822           Radius: 170.000        Delta:  58°55'15.0"

AP34 - Line to NE
  N: 1928855.502             E: 6073993.470
  Distance: 79.620           Course: N34°43'00.0"E

AP35 - Tangent curve to Left
  N: 1928949.394             E: 6074033.228
  Tangent: 52.076            Chord:  101.963        Course: N22°57'00.0"E
  Arc Len: 102.684           Radius: 250.000        Delta:  23°32'00.0"

AP36 - Line to NE
  N: 1929019.154             E: 6074047.020
  Distance: 71.110           Course: N11°11'00.0"E

AP37 - Tangent curve to Right
  N: 1929097.171             E: 6074070.928
  Tangent: 41.013            Chord:  81.597         Course: N17°02'15.0"E
  Arc Len: 81.740            Radius: 400.000        Delta:  11°42'30.0"

AP38 - Line to NE
  N: 1929210.870             E: 6074118.937
  Distance: 123.420          Course: N22°53'30.0"E

AP39 - Tangent curve to Left
  N: 1929256.165             E: 6074135.267
  Tangent: 24.109            Chord:  48.148         Course: N19°49'30.0"E
  Arc Len: 48.171            Radius: 450.000        Delta:  6°08'00.0"

AP40 - Line to NE
  N: 1929397.333             E: 6074177.776
  Distance: 147.430          Course: N16°45'30.0"E

AP41 - Tangent curve to Right
  N: 1929502.834             E: 6074302.086
  Tangent: 97.117            Chord:  163.044        Course: N49°40'45.0"E
  Arc Len: 172.373           Radius: 150.000        Delta:  65°50'30.0"

AP42 - Line to NE
  N: 1929512.694             E: 6074378.008
  Distance: 76.560           Course: N82°36'00.0"E

AP43A - Tangent curve to Left
  N: 1929532.402             E: 6074449.884
  Tangent: 37.624            Chord:  74.529         Course: N74°40'01.0"E
  Arc Len: 74.767            Radius: 270.000        Delta:  15°51'58.0"

AP43A - Delete last segment

AP43 - Tangent curve to Left
  N: 1929604.856             E: 6074548.339
  Tangent: 103.733           Chord:  193.665        Course: N61°35'00.0"E
  Arc Len: 198.077           Radius: 270.000        Delta:  42°02'00.0"

AP44 - Line to NE
  N: 1929687.437             E: 6074619.037
  Distance: 108.710          Course: N40°34'00.0"E

AP45A - Tangent curve to Right
  N: 1929714.798             E: 6074647.047
  Tangent: 19.656            Chord:  39.156         Course: N45°40'20.0"E
  Arc Len: 39.208            Radius: 220.000        Delta:  10°12'40.0"

AP45A - Delete last segment

AP45 - Tangent curve to Right
  N: 1929745.181             E: 6074696.312
  Tangent: 49.436            Chord:  96.467         Course: N53°13'52.5"E
  Arc Len: 97.257            Radius: 220.000        Delta:  25°19'45.0"

AP46 - Line to NE
  N: 1929787.569             E: 6074791.052
  Distance: 103.790          Course: N65°53'45.0"E

AP47 - Tangent curve to Right
  N: 1929812.087             E: 6074872.991
  Tangent: 43.128            Chord:  85.529         Course: N73°20'30.0"E
  Arc Len: 85.770            Radius: 330.000        Delta:  14°53'30.0"

AP48 - Line to NE
  N: 1929818.675             E: 6074913.610
  Distance: 41.150           Course: N80°47'15.0"E

AP49 - Tangent curve to Left
  N: 1929848.833             E: 6074999.670
  Tangent: 46.313            Chord:  91.191         Course: N70°41'15.0"E
  Arc Len: 91.665            Radius: 260.000        Delta:  20°12'00.0"

AP50 - Line to NE
  N: 1929902.132             E: 6075094.211
  Distance: 108.530          Course: N60°35'15.0"E

AP51 - Tangent curve to Right
  N: 1929940.220             E: 6075222.898
  Tangent: 68.847            Chord:  134.205        Course: N73°30'45.0"E
  Arc Len: 135.350           Radius: 300.000        Delta:  25°51'00.0"

AP52 - Line to NE
  N: 1929949.849             E: 6075377.558
  Distance: 154.960          Course: N86°26'15.0"E

AP53 - Tangent curve to Right
  N: 1929937.021             E: 6075509.821
  Tangent: 67.289            Chord:  132.883        Course: S84°27'37.5"E
  Arc Len: 133.444           Radius: 420.000        Delta:  18°12'15.0"

AP54 - Line to SE
  N: 1929892.897             E: 6075678.712
  Distance: 174.560          Course: S75°21'30.0"E

AP55 - Tangent curve to Right
  N: 1929843.058             E: 6075767.298
  Tangent: 52.547            Chord:  101.644        Course: S60°38'15.0"E
  Arc Len: 102.771           Radius: 200.000        Delta:  29°26'30.0"

AP56 - Line to SE
  N: 1929813.720             E: 6075797.590
  Distance: 42.170           Course: S45°55'00.0"E

AP57 - Tangent curve to Left
  N: 1929754.705             E: 6075879.429
  Tangent: 50.981            Chord:  100.898        Course: S54°12'15.0"E
  Arc Len: 101.251           Radius: 350.000        Delta:  16°34'30.0"

AP58 - Line to SE
  N: 1929689.584             E: 6076004.480
  Distance: 140.990          Course: S62°29'30.0"E

AP59 - Tangent curve to Left
  N: 1929674.273             E: 6076189.727
  Tangent: 100.805           Chord:  185.879        Course: S85°16'30.0"E
  Arc Len: 190.869           Radius: 240.000        Delta:  45°34'00.0"

AP60 - Line to NE
  N: 1929702.599             E: 6076276.605
  Distance: 91.380           Course: N71°56'30.0"E

AP61 - Tangent curve to Right
  N: 1929713.088             E: 6076399.161
  Tangent: 63.162            Chord:  123.004        Course: N85°06'30.0"E
  Arc Len: 124.093           Radius: 270.000        Delta:  26°20'00.0"

AP62 - Line to SE
  N: 1929700.013             E: 6076489.065
  Distance: 90.850           Course: S81°43'30.0"E

AP63 - Tangent curve to Left
  N: 1929729.951             E: 6076626.399
  Tangent: 75.067            Chord:  140.560        Course: N77°42'07.5"E
  Arc Len: 143.626           Radius: 200.000        Delta:  41°08'45.0"

AP64A - Line to NE
  N: 1929737.685             E: 6076638.368
  Distance: 14.250           Course: N57°07'45.0"E

AP64A - Delete last segment

AP64 - Line to NE
  N: 1929798.294             E: 6076732.159
  Distance: 125.920          Course: N57°07'45.0"E

AP65 - Tangent curve to Left
  N: 1929858.507             E: 6076805.203
  Tangent: 47.650            Chord:  94.663         Course: N50°30'00.0"E
  Arc Len: 94.875            Radius: 410.000        Delta:  13°15'30.0"

AP66 - Line to NE
  N: 1929908.970             E: 6076853.716
  Distance: 70.000           Course: N43°52'15.0"E

AP67 - Tangent curve to Right
  N: 1929938.222             E: 6076892.889
  Tangent: 24.776            Chord:  48.890         Course: N53°15'00.0"E
  Arc Len: 49.109            Radius: 150.000        Delta:  18°45'30.0"

AP68A - Line to NE
  N: 1929968.428             E: 6076951.234
  Distance: 65.700           Course: N62°37'45.0"E

AP68A - Delete last segment

AP68 - Line to NE
  N: 1929975.434             E: 6076964.768
  Distance: 80.940           Course: N62°37'45.0"E

AP69 - Tangent curve to Right
  N: 1929928.452             E: 6077089.900
  Tangent: 99.780            Chord:  133.661        Course: S69°25'15.0"E
  Arc Len: 150.639           Radius: 90.000         Delta:  95°54'00.0"

PL00 - Line to NE
  N: 1929937.603             E: 6077113.165
  Distance: 25.000           Course: N68°31'45.0"E

PM993_MAIN - Begin polyline
  N: 1929968.428             E: 6076951.234

MD01 - Line to NW
  N: 1930042.962             E: 6076949.705
  Distance: 74.550           Course: N1°10'30.0"W

MD02 - Line to NW
  N: 1930084.991             E: 6076883.286
  Distance: 78.600           Course: N57°40'30.0"W

MD03 - Line to NW
  N: 1930329.294             E: 6076763.317
  Distance: 272.170          Course: N26°09'15.0"W

MD04 - Line to NE
  N: 1930451.575             E: 6076774.705
  Distance: 122.810          Course: N5°19'15.0"E

MD05 - Line to NE
  N: 1930582.480             E: 6076779.687
  Distance: 131.000          Course: N2°10'45.0"E

MD06 - Line to NE
  N: 1930825.147             E: 6076838.786
  Distance: 249.760          Course: N13°41'15.0"E

PL01 - Line to SW
  N: 1930818.860             E: 6076811.522
  Distance: 27.980           Course: S77°00'52.0"W

PL02 - Line to NW
  N: 1930820.535             E: 6076801.663
  Distance: 10.000           Course: N80°21'35.0"W

PL03 - Line to NW
  N: 1930986.116             E: 6075826.856
  Distance: 988.770          Course: N80°21'35.0"W

PM993_MAIN_SAWMILL - Begin polyline
  N: 1930042.962             E: 6076949.705

SR165 - Line to NE
  N: 1930080.672             E: 6077052.475
  Distance: 109.470          Course: N69°51'00.0"E

PM837_SECLINE_CTR - Begin polyline
  N: 1929737.685             E: 6076638.368

SL01 - Line to SW
  N: 1929704.531             E: 6076632.854
  Distance: 33.610           Course: S9°26'34.0"W

SL02 - Line to SW
  N: 1929597.234             E: 6076615.009
  Distance: 108.770          Course: S9°26'34.0"W

SL03 - Line to SW
  N: 1927091.020             E: 6076198.185
  Distance: 2540.640         Course: S9°26'34.0"W

SL04 - Line to SW
  N: 1927044.092             E: 6074845.699
  Distance: 1353.300         Course: S88°00'46.0"W

SL05 - Line to SW
  N: 1926997.165             E: 6073493.213
  Distance: 1353.300         Course: S88°00'46.0"W

SL06 - Line to NE
  N: 1928327.685             E: 6073695.629
  Distance: 1345.830         Course: N8°39'01.0"E

PM993_PAR_16+17 - Begin polyline
  N: 1929892.897             E: 6075678.712

PL01 - Line to NE
  N: 1929917.085             E: 6075685.031
  Distance: 25.000           Course: N14°38'30.0"E

PL02 - Line to NE
  N: 1930986.108             E: 6075826.857
  Distance: 1078.390         Course: N7°33'26.0"E

PM1241_PAR_1+2 - Begin polyline
  N: 1929714.798             E: 6074647.047

PL01 - Line to SE
  N: 1929695.431             E: 6074662.855
  Distance: 25.000           Course: S39°13'20.0"E

PL02-DET-A - Line to SE
  N: 1929415.080             E: 6074737.975
  Distance: 290.240          Course: S15°00'00.0"E

PM993_SAWMILL - Begin polyline
  N: 1929532.402             E: 6074449.884

SR01 - Line to NE
  N: 1929659.463             E: 6074542.171
  Distance: 157.040          Course: N35°59'30.0"E

SR02 - Line to NW
  N: 1929718.128             E: 6074507.765
  Distance: 68.010           Course: N30°23'30.0"W

SR03 - Line to SW
  N: 1929687.680             E: 6074409.504
  Distance: 102.870          Course: S72°47'00.0"W

SR04 - Line to NW
  N: 1929723.733             E: 6074360.063
  Distance: 61.190           Course: N53°54'00.0"W

SR05 - Line to NE
  N: 1929801.032             E: 6074393.647
  Distance: 84.280           Course: N23°29'00.0"E

SR06 - Line to NW
  N: 1929860.261             E: 6074355.611
  Distance: 70.390           Course: N32°42'30.0"W

SR07 - Line to NW
  N: 1929882.366             E: 6074218.623
  Distance: 138.760          Course: N80°50'00.0"W

PL01 - Line to NW
  N: 1929895.559             E: 6074204.332
  Distance: 19.450           Course: N47°17'15.0"W

PM1241_RB - Begin polyline
  N: 1929512.694             E: 6074378.008

RB01 - Line to SE
  N: 1929486.881             E: 6074381.361
  Distance: 26.030           Course: S7°24'00.0"E

RB02 - Tangent curve to Left
  N: 1929450.398             E: 6074394.527
  Tangent: 19.860            Chord:  38.787         Course: S19°50'37.5"E
  Arc Len: 39.093            Radius: 90.000         Delta:  24°53'15.0"

RB03 - Line to SE
  N: 1929428.722             E: 6074408.223
  Distance: 25.640           Course: S32°17'15.0"E

RB04 - Tangent curve to Left
  N: 1929398.579             E: 6074467.377
  Tangent: 38.610            Chord:  66.391         Course: S62°59'52.5"E
  Arc Len: 69.680            Radius: 65.000         Delta:  61°25'15.0"

RB05 - Line to NE
  N: 1929414.975             E: 6074720.346
  Distance: 253.500          Course: N86°17'30.0"E

RB06A - Tangent curve to Right
  N: 1929415.079             E: 6074737.974
  Tangent: 8.830             Chord:  17.629         Course: N89°39'37.5"E
  Arc Len: 17.639            Radius: 150.000        Delta:  6°44'15.0"

RB06B - Tangent curve to Right
  N: 1929410.373             E: 6074768.133
  Tangent: 15.341            Chord:  30.523         Course: S81°07'52.5"E
  Arc Len: 30.576            Radius: 150.000        Delta:  11°40'45.0"

RB07A - Line to SE
  N: 1929403.724             E: 6074793.464
  Distance: 26.190           Course: S75°17'30.0"E

RB07A - Delete last segment

RB07 - Line to SE
  N: 1929396.767             E: 6074819.966
  Distance: 53.590           Course: S75°17'30.0"E

PM1241_FL - Begin polyline
  N: 1929403.724             E: 6074793.464

FL01 - Line to SE
  N: 1929269.674             E: 6074818.565
  Distance: 136.380          Course: S10°36'20.0"E

FL02 - Line to SW
  N: 1929241.876             E: 6074770.055
  Distance: 55.910           Course: S60°11'10.0"W

FL03 - Line to SE
  N: 1928901.166             E: 6074866.948
  Distance: 354.220          Course: S15°52'30.0"E

FL04 - Line to NE
  N: 1928932.688             E: 6075088.547
  Distance: 223.830          Course: N81°54'15.0"E

FL05 - Line to NE
  N: 1929007.948             E: 6075226.697
  Distance: 157.320          Course: N61°25'10.0"E

FL06 - Line to SE
  N: 1928981.932             E: 6075526.831
  Distance: 301.260          Course: S85°02'45.0"E

FL07 - Line to SW
  N: 1928801.556             E: 6075512.552
  Distance: 180.940          Course: S4°31'35.0"W

FL08 - Line to SW
  N: 1928695.042             E: 6075477.480
  Distance: 112.140          Course: S18°13'30.0"W

FL09 - Line to SE
  N: 1928649.159             E: 6075580.374
  Distance: 112.660          Course: S65°58'00.0"E

PM1241_PAR_1+4 - Begin polyline
  N: 1928695.042             E: 6075477.480

PL01 - Line to SW
  N: 1928621.705             E: 6075453.333
  Distance: 77.210           Course: S18°13'30.0"W

PM1241_PAR_1+3 - Begin polyline
  N: 1928539.080             E: 6073970.771

PL01 - Line to NE
  N: 1928549.330             E: 6073993.573
  Distance: 25.000           Course: N65°47'45.0"E

PL02 - Line to SE
  N: 1928296.527             E: 6074421.963
  Distance: 497.420          Course: S59°27'15.0"E

PM837_SECLINE_WEST - Begin polyline
  N: 1928357.813             E: 6073700.235

SL01 - Line to SW
  N: 1928327.709             E: 6073695.655
  Distance: 30.450           Course: S8°39'01.0"W

PM993_PAR_18+19 - Begin polyline
  N: 1928884.745             E: 6072854.191

PL01 - Line to NE
  N: 1928903.217             E: 6072871.036
  Distance: 25.000           Course: N42°21'45.0"E

PL02 - Line to NE
  N: 1929386.475             E: 6073604.315
  Distance: 878.200          Course: N56°36'49.0"E

PL03 - Line to NE
  N: 1929397.693             E: 6073628.279
  Distance: 26.460           Course: N64°55'00.0"E

SR13 - Line to SE
  N: 1929341.173             E: 6073683.274
  Distance: 78.860           Course: S44°13'00.0"E

SR12 - Line to NE
  N: 1929399.352             E: 6073795.793
  Distance: 126.670          Course: N62°39'30.0"E

SR11 - Line to NE
  N: 1929463.349             E: 6073960.432
  Distance: 176.640          Course: N68°45'30.0"E

SR10 - Line to NE
  N: 1929521.611             E: 6074019.841
  Distance: 83.210           Course: N45°33'30.0"E

SR09 - Line to NE
  N: 1929729.445             E: 6074098.271
  Distance: 222.140          Course: N20°40'30.0"E

SR08 - Line to NE
  N: 1929882.340             E: 6074218.624
  Distance: 194.580          Course: N38°12'30.0"E
